Thu Sep 21 2023 17:30:26 } [PH] error: 
Invalid `prisma.faculty.create()` invocation:

{
  data: {
    facultyId: "F-00004",
    firstName: "Faculty",
    lastName: "1",
    middleName: "Number",
    email: "faculty.no1@gmail.com",
    contactNo: "64354874",
    gender: "male",
    bloodGroup: "O+",
    academicDepartmentId: "50e65fa5-6a25-470d-b523-8de0e1e9a6a4",
    academicFacultyId: "0443e33b-ec4d-4e68-93c2-ae67b001cb13",
    designation: undefined,
+   profileImage: String
  },
  include: {
    academicFaculty: true,
    academicDepartment: true
  }
}

Argument `profileImage` is missing.
Thu Sep 21 2023 17:35:19 } [PH] error: 
Invalid `prisma.faculty.create()` invocation:

{
  data: {
    facultyId: "F-00004",
    firstName: "Faculty",
    lastName: "1",
    middleName: "Number",
    email: "faculty.no1@gmail.com",
    contactNo: "64354874",
    gender: "male",
    bloodGroup: "O+",
    academicDepartmentId: "50e65fa5-6a25-470d-b523-8de0e1e9a6a4",
    academicFacultyId: "0443e33b-ec4d-4e68-93c2-ae67b001cb13",
+   designation: String
  },
  include: {
    academicFaculty: true,
    academicDepartment: true
  }
}

Argument `designation` is missing.
Thu Sep 21 2023 17:40:22 } [PH] error: 
Invalid `prisma.faculty.create()` invocation:

{
  data: {
    facultyId: "F-00003",
    firstName: "Faculty",
    lastName: "1",
    middleName: "Number",
    email: "faculty.no1@gmail.com",
    contactNo: "64354874",
    gender: "male",
    bloodGroup: "O+",
    academicDepartmentId: "50e65fa5-6a25-470d-b523-8de0e1e9a6a4",
    academicFacultyId: "0443e33b-ec4d-4e68-93c2-ae67b001cb13",
+   designation: String
  },
  include: {
    academicFaculty: true,
    academicDepartment: true
  }
}

Argument `designation` is missing.
